-------------------------------------------------------------------------------
>Log Session: Monday, March 25, 2019 1:58:56 PM CET
>System Info: 
  Product Version         = NetBeans Platform 8.2 (Build 201609300101)
  Operating System        = Mac OS X version 10.14.3 running on x86_64
  Java; VM; Vendor        = 1.8.0_201; Java HotSpot(TM) 64-Bit Server VM 25.201-b09; Oracle Corporation
  Runtime                 = Java(TM) SE Runtime Environment 1.8.0_201-b09
  Java Home               = /Library/Java/JavaVirtualMachines/jdk1.8.0_201.jdk/Contents/Home/jre
  System Locale; Encoding = da_DK (asteroidsnetbeansmodules); UTF-8
  Home Directory          = /Users/ulriksandberg
  Current Directory       = /Users/ulriksandberg/Desktop/AsteroidsNetbeansModules/application
  User Directory          = /Users/ulriksandberg/Desktop/AsteroidsNetbeansModules/application/target/userdir
  Cache Directory         = /Users/ulriksandberg/Desktop/AsteroidsNetbeansModules/application/target/userdir/var/cache
  Installation            = /Users/ulriksandberg/Desktop/AsteroidsNetbeansModules/application/target/asteroidsnetbeansmodules/asteroidsnetbeansmodules
                            /Users/ulriksandberg/Desktop/AsteroidsNetbeansModules/application/target/asteroidsnetbeansmodules/bin
                            /Users/ulriksandberg/Desktop/AsteroidsNetbeansModules/application/target/asteroidsnetbeansmodules/platform
                            /Users/ulriksandberg/Desktop/AsteroidsNetbeansModules/application/target/asteroidsnetbeansmodules/etc
                            /Users/ulriksandberg/Desktop/AsteroidsNetbeansModules/application/target/asteroidsnetbeansmodules/platform
  Boot & Ext. Classpath   = /Library/Java/JavaVirtualMachines/jdk1.8.0_201.jdk/Contents/Home/jre/lib/resources.jar:/Library/Java/JavaVirtualMachines/jdk1.8.0_201.jdk/Contents/Home/jre/lib/rt.jar:/Library/Java/JavaVirtualMachines/jdk1.8.0_201.jdk/Contents/Home/jre/lib/sunrsasign.jar:/Library/Java/JavaVirtualMachines/jdk1.8.0_201.jdk/Contents/Home/jre/lib/jsse.jar:/Library/Java/JavaVirtualMachines/jdk1.8.0_201.jdk/Contents/Home/jre/lib/jce.jar:/Library/Java/JavaVirtualMachines/jdk1.8.0_201.jdk/Contents/Home/jre/lib/charsets.jar:/Library/Java/JavaVirtualMachines/jdk1.8.0_201.jdk/Contents/Home/jre/lib/jfr.jar:/Library/Java/JavaVirtualMachines/jdk1.8.0_201.jdk/Contents/Home/jre/classes:/Library/Java/JavaVirtualMachines/jdk1.8.0_201.jdk/Contents/Home/jre/lib/ext/sunec.jar:/Library/Java/JavaVirtualMachines/jdk1.8.0_201.jdk/Contents/Home/jre/lib/ext/nashorn.jar:/Library/Java/JavaVirtualMachines/jdk1.8.0_201.jdk/Contents/Home/jre/lib/ext/cldrdata.jar:/Library/Java/JavaVirtualMachines/jdk1.8.0_201.jdk/Contents/Home/jre/lib/ext/jfxrt.jar:/Library/Java/JavaVirtualMachines/jdk1.8.0_201.jdk/Contents/Home/jre/lib/ext/dnsns.jar:/Library/Java/JavaVirtualMachines/jdk1.8.0_201.jdk/Contents/Home/jre/lib/ext/localedata.jar:/Library/Java/JavaVirtualMachines/jdk1.8.0_201.jdk/Contents/Home/jre/lib/ext/sunjce_provider.jar:/Library/Java/JavaVirtualMachines/jdk1.8.0_201.jdk/Contents/Home/jre/lib/ext/sunpkcs11.jar:/Library/Java/JavaVirtualMachines/jdk1.8.0_201.jdk/Contents/Home/jre/lib/ext/jaccess.jar:/Library/Java/JavaVirtualMachines/jdk1.8.0_201.jdk/Contents/Home/jre/lib/ext/zipfs.jar:/System/Library/Java/Extensions/MRJToolkit.jar
  Application Classpath   = /Users/ulriksandberg/Desktop/AsteroidsNetbeansModules/application/target/asteroidsnetbeansmodules/platform/lib/boot.jar:/Users/ulriksandberg/Desktop/AsteroidsNetbeansModules/application/target/asteroidsnetbeansmodules/platform/lib/org-openide-modules.jar:/Users/ulriksandberg/Desktop/AsteroidsNetbeansModules/application/target/asteroidsnetbeansmodules/platform/lib/org-openide-util-lookup.jar:/Users/ulriksandberg/Desktop/AsteroidsNetbeansModules/application/target/asteroidsnetbeansmodules/platform/lib/org-openide-util-ui.jar:/Users/ulriksandberg/Desktop/AsteroidsNetbeansModules/application/target/asteroidsnetbeansmodules/platform/lib/org-openide-util.jar:/Users/ulriksandberg/Desktop/AsteroidsNetbeansModules/application/target/asteroidsnetbeansmodules/platform/lib/locale/boot_ja.jar:/Users/ulriksandberg/Desktop/AsteroidsNetbeansModules/application/target/asteroidsnetbeansmodules/platform/lib/locale/boot_pt_BR.jar:/Users/ulriksandberg/Desktop/AsteroidsNetbeansModules/application/target/asteroidsnetbeansmodules/platform/lib/locale/boot_ru.jar:/Users/ulriksandberg/Desktop/AsteroidsNetbeansModules/application/target/asteroidsnetbeansmodules/platform/lib/locale/boot_zh_CN.jar:/Users/ulriksandberg/Desktop/AsteroidsNetbeansModules/application/target/asteroidsnetbeansmodules/platform/lib/locale/org-openide-modules_ja.jar:/Users/ulriksandberg/Desktop/AsteroidsNetbeansModules/application/target/asteroidsnetbeansmodules/platform/lib/locale/org-openide-modules_pt_BR.jar:/Users/ulriksandberg/Desktop/AsteroidsNetbeansModules/application/target/asteroidsnetbeansmodules/platform/lib/locale/org-openide-modules_ru.jar:/Users/ulriksandberg/Desktop/AsteroidsNetbeansModules/application/target/asteroidsnetbeansmodules/platform/lib/locale/org-openide-modules_zh_CN.jar:/Users/ulriksandberg/Desktop/AsteroidsNetbeansModules/application/target/asteroidsnetbeansmodules/platform/lib/locale/org-openide-util-lookup_ja.jar:/Users/ulriksandberg/Desktop/AsteroidsNetbeansModules/application/target/asteroidsnetbeansmodules/platform/lib/locale/org-openide-util-lookup_pt_BR.jar:/Users/ulriksandberg/Desktop/AsteroidsNetbeansModules/application/target/asteroidsnetbeansmodules/platform/lib/locale/org-openide-util-lookup_ru.jar:/Users/ulriksandberg/Desktop/AsteroidsNetbeansModules/application/target/asteroidsnetbeansmodules/platform/lib/locale/org-openide-util-lookup_zh_CN.jar:/Users/ulriksandberg/Desktop/AsteroidsNetbeansModules/application/target/asteroidsnetbeansmodules/platform/lib/locale/org-openide-util-ui_ja.jar:/Users/ulriksandberg/Desktop/AsteroidsNetbeansModules/application/target/asteroidsnetbeansmodules/platform/lib/locale/org-openide-util-ui_pt_BR.jar:/Users/ulriksandberg/Desktop/AsteroidsNetbeansModules/application/target/asteroidsnetbeansmodules/platform/lib/locale/org-openide-util-ui_ru.jar:/Users/ulriksandberg/Desktop/AsteroidsNetbeansModules/application/target/asteroidsnetbeansmodules/platform/lib/locale/org-openide-util-ui_zh_CN.jar:/Users/ulriksandberg/Desktop/AsteroidsNetbeansModules/application/target/asteroidsnetbeansmodules/platform/lib/locale/org-openide-util_ja.jar:/Users/ulriksandberg/Desktop/AsteroidsNetbeansModules/application/target/asteroidsnetbeansmodules/platform/lib/locale/org-openide-util_pt_BR.jar:/Users/ulriksandberg/Desktop/AsteroidsNetbeansModules/application/target/asteroidsnetbeansmodules/platform/lib/locale/org-openide-util_ru.jar:/Users/ulriksandberg/Desktop/AsteroidsNetbeansModules/application/target/asteroidsnetbeansmodules/platform/lib/locale/org-openide-util_zh_CN.jar:/Library/Java/JavaVirtualMachines/jdk1.8.0_201.jdk/Contents/Home/lib/dt.jar:/Library/Java/JavaVirtualMachines/jdk1.8.0_201.jdk/Contents/Home/lib/tools.jar
  Startup Classpath       = /Users/ulriksandberg/Desktop/AsteroidsNetbeansModules/application/target/asteroidsnetbeansmodules/platform/core/org-netbeans-libs-asm.jar:/Users/ulriksandberg/Desktop/AsteroidsNetbeansModules/application/target/asteroidsnetbeansmodules/platform/core/asm-all-5.0.1.jar:/Users/ulriksandberg/Desktop/AsteroidsNetbeansModules/application/target/asteroidsnetbeansmodules/platform/core/org-openide-filesystems.jar:/Users/ulriksandberg/Desktop/AsteroidsNetbeansModules/application/target/asteroidsnetbeansmodules/platform/core/core.jar:/Users/ulriksandberg/Desktop/AsteroidsNetbeansModules/application/target/asteroidsnetbeansmodules/platform/core/core-base.jar:/Users/ulriksandberg/Desktop/AsteroidsNetbeansModules/application/target/asteroidsnetbeansmodules/platform/core/locale/core_pt_BR.jar:/Users/ulriksandberg/Desktop/AsteroidsNetbeansModules/application/target/asteroidsnetbeansmodules/platform/core/locale/org-netbeans-libs-asm_pt_BR.jar:/Users/ulriksandberg/Desktop/AsteroidsNetbeansModules/application/target/asteroidsnetbeansmodules/platform/core/locale/core-base_zh_CN.jar:/Users/ulriksandberg/Desktop/AsteroidsNetbeansModules/application/target/asteroidsnetbeansmodules/platform/core/locale/core-base_ru.jar:/Users/ulriksandberg/Desktop/AsteroidsNetbeansModules/application/target/asteroidsnetbeansmodules/platform/core/locale/core_ru.jar:/Users/ulriksandberg/Desktop/AsteroidsNetbeansModules/application/target/asteroidsnetbeansmodules/platform/core/locale/core_ja.jar:/Users/ulriksandberg/Desktop/AsteroidsNetbeansModules/application/target/asteroidsnetbeansmodules/platform/core/locale/org-openide-filesystems_pt_BR.jar:/Users/ulriksandberg/Desktop/AsteroidsNetbeansModules/application/target/asteroidsnetbeansmodules/platform/core/locale/core-base_ja.jar:/Users/ulriksandberg/Desktop/AsteroidsNetbeansModules/application/target/asteroidsnetbeansmodules/platform/core/locale/org-openide-filesystems_ja.jar:/Users/ulriksandberg/Desktop/AsteroidsNetbeansModules/application/target/asteroidsnetbeansmodules/platform/core/locale/org-openide-filesystems_ru.jar:/Users/ulriksandberg/Desktop/AsteroidsNetbeansModules/application/target/asteroidsnetbeansmodules/platform/core/locale/org-openide-filesystems_zh_CN.jar:/Users/ulriksandberg/Desktop/AsteroidsNetbeansModules/application/target/asteroidsnetbeansmodules/platform/core/locale/core_zh_CN.jar:/Users/ulriksandberg/Desktop/AsteroidsNetbeansModules/application/target/asteroidsnetbeansmodules/platform/core/locale/org-netbeans-libs-asm_ru.jar:/Users/ulriksandberg/Desktop/AsteroidsNetbeansModules/application/target/asteroidsnetbeansmodules/platform/core/locale/org-netbeans-libs-asm_ja.jar:/Users/ulriksandberg/Desktop/AsteroidsNetbeansModules/application/target/asteroidsnetbeansmodules/platform/core/locale/core-base_pt_BR.jar:/Users/ulriksandberg/Desktop/AsteroidsNetbeansModules/application/target/asteroidsnetbeansmodules/platform/core/locale/org-netbeans-libs-asm_zh_CN.jar
-------------------------------------------------------------------------------
INFO [org.netbeans.core.startup.NbEvents]: Module patch or custom extension: /Users/ulriksandberg/Desktop/AsteroidsNetbeansModules/SilentUpdate/target/classes
INFO [org.netbeans.core.modules]: Using file:/Users/ulriksandberg/Desktop/AsteroidsNetbeansModules/SilentUpdate/target/classes/org/netbeans/modules/autoupdate/silentupdate/resources/layer.xml as layer for dk.sdu.mmmi.cbse.SilentUpdate not jar:file:/Users/ulriksandberg/Desktop/AsteroidsNetbeansModules/application/target/asteroidsnetbeansmodules/asteroidsnetbeansmodules/modules/dk-sdu-mmmi-cbse-SilentUpdate.jar!/org/netbeans/modules/autoupdate/silentupdate/resources/layer.xml
INFO [org.netbeans.core.startup.NbEvents]: Turning on modules:
	org.openide.util.lookup [8.33.1 201609300101]
	org.openide.util [9.7.1 201609300101]
	org.openide.util.ui [9.6.1 201609300101]
	org.openide.modules [7.48.1 201609300101]
	org.netbeans.api.annotations.common/1 [1.27.1 201609300101]
	org.openide.filesystems [9.10.1 201609300101]
	org.netbeans.api.intent [1.2.1 201609300101]
	org.netbeans.api.io [1.3.1 201609300101]
	org.openide.io [1.49.1 201609300101]
	org.openide.awt [7.67.1 201609300101]
	org.netbeans.libs.asm [5.3.1 201609300101]
	org.netbeans.bootstrap/1 [2.76.1 201609300101]
	org.netbeans.core.startup.base [1.62.1.1 1 201609300101]
	org.netbeans.core.startup/1 [1.62.1.1 201609300101]
	org.netbeans.libs.osgi [1.21.1 201609300101]
	org.netbeans.core.netigso [1.31.1 201609300101]
	org.netbeans.modules.netbinox [1.41.1 201609300101]
	org.netbeans.api.progress/1 [1.47.1 201609300101]
	org.netbeans.api.progress.nb [1.47.1 201609300101]
	org.netbeans.modules.autoupdate.services [1.52.1 201609300101]
	dk.sdu.mmmi.cbse.SilentUpdate [1.0 1.0-20190325 201903251210]
INFO [org.netbeans.modules.autoupdate.silentupdate]: Update found: Enemy[dk.sdu.mmmi.cbse.Enemy/1.0]
INFO [org.netbeans.modules.autoupdate.silentupdate]: Update found: Collision[dk.sdu.mmmi.cbse.Collision/1.0]
INFO [org.netbeans.modules.autoupdate.silentupdate]: Update found: Common[dk.sdu.mmmi.cbse.Common/1.0]
INFO [org.netbeans.modules.autoupdate.silentupdate]: Update found: Player[dk.sdu.mmmi.cbse.Player/1.0]
INFO [org.netbeans.modules.autoupdate.silentupdate]: Update found: Bullet[dk.sdu.mmmi.cbse.Bullet/1.0]
INFO [org.netbeans.modules.autoupdate.silentupdate]: Update found: Core[dk.sdu.mmmi.cbse.Core/1.0]
INFO [org.netbeans.modules.autoupdate.silentupdate]: Update found: CommonEnemy[dk.sdu.mmmi.cbse.CommonEnemy/1.0]
INFO [org.netbeans.modules.autoupdate.silentupdate]: Update found: CommonAsteroids[dk.sdu.mmmi.cbse.CommonAsteroids/1.0]
INFO [org.netbeans.updater]: 780: Unpacking dk-sdu-mmmi-cbse-Collision.nbm
INFO [org.netbeans.updater]: File installed /Users/ulriksandberg/Desktop/AsteroidsNetbeansModules/application/target/asteroidsnetbeansmodules/asteroidsnetbeansmodules/config/Modules/dk-sdu-mmmi-cbse-Collision.xml@0
INFO [org.netbeans.updater]: Copied file /Users/ulriksandberg/Desktop/AsteroidsNetbeansModules/application/target/asteroidsnetbeansmodules/asteroidsnetbeansmodules/update/download/dk-sdu-mmmi-cbse-Collision.nbm:netbeans/config/Modules/dk-sdu-mmmi-cbse-Collision.xml to /Users/ulriksandberg/Desktop/AsteroidsNetbeansModules/application/target/asteroidsnetbeansmodules/asteroidsnetbeansmodules/config/Modules/dk-sdu-mmmi-cbse-Collision.xml
INFO [org.netbeans.updater]: File installed /Users/ulriksandberg/Desktop/AsteroidsNetbeansModules/application/target/asteroidsnetbeansmodules/asteroidsnetbeansmodules/modules/dk-sdu-mmmi-cbse-Collision.jar@0
INFO [org.netbeans.updater]: Copied file /Users/ulriksandberg/Desktop/AsteroidsNetbeansModules/application/target/asteroidsnetbeansmodules/asteroidsnetbeansmodules/update/download/dk-sdu-mmmi-cbse-Collision.nbm:netbeans/modules/dk-sdu-mmmi-cbse-Collision.jar to /Users/ulriksandberg/Desktop/AsteroidsNetbeansModules/application/target/asteroidsnetbeansmodules/asteroidsnetbeansmodules/modules/dk-sdu-mmmi-cbse-Collision.jar
INFO [org.netbeans.updater]: File /Users/ulriksandberg/Desktop/AsteroidsNetbeansModules/application/target/asteroidsnetbeansmodules/asteroidsnetbeansmodules/update/download/dk-sdu-mmmi-cbse-Collision.nbm deleted.
INFO [org.netbeans.updater]: Use XML Transformer: com.sun.org.apache.xalan.internal.xsltc.trax.TransformerImpl@2119027f
INFO [org.netbeans.updater]: File /Users/ulriksandberg/Desktop/AsteroidsNetbeansModules/application/target/asteroidsnetbeansmodules/asteroidsnetbeansmodules/update_tracking/dk-sdu-mmmi-cbse-Collision.xml modified.
INFO [org.netbeans.updater]: File installed /Users/ulriksandberg/Desktop/AsteroidsNetbeansModules/application/target/asteroidsnetbeansmodules/asteroidsnetbeansmodules/update_tracking/dk-sdu-mmmi-cbse-Collision.xml@0
INFO [org.netbeans.updater]: 780: Unpacking dk-sdu-mmmi-cbse-CommonEnemy.nbm
INFO [org.netbeans.updater]: File installed /Users/ulriksandberg/Desktop/AsteroidsNetbeansModules/application/target/asteroidsnetbeansmodules/asteroidsnetbeansmodules/config/Modules/dk-sdu-mmmi-cbse-CommonEnemy.xml@0
INFO [org.netbeans.updater]: Copied file /Users/ulriksandberg/Desktop/AsteroidsNetbeansModules/application/target/asteroidsnetbeansmodules/asteroidsnetbeansmodules/update/download/dk-sdu-mmmi-cbse-CommonEnemy.nbm:netbeans/config/Modules/dk-sdu-mmmi-cbse-CommonEnemy.xml to /Users/ulriksandberg/Desktop/AsteroidsNetbeansModules/application/target/asteroidsnetbeansmodules/asteroidsnetbeansmodules/config/Modules/dk-sdu-mmmi-cbse-CommonEnemy.xml
INFO [org.netbeans.updater]: File installed /Users/ulriksandberg/Desktop/AsteroidsNetbeansModules/application/target/asteroidsnetbeansmodules/asteroidsnetbeansmodules/modules/dk-sdu-mmmi-cbse-CommonEnemy.jar@0
INFO [org.netbeans.updater]: Copied file /Users/ulriksandberg/Desktop/AsteroidsNetbeansModules/application/target/asteroidsnetbeansmodules/asteroidsnetbeansmodules/update/download/dk-sdu-mmmi-cbse-CommonEnemy.nbm:netbeans/modules/dk-sdu-mmmi-cbse-CommonEnemy.jar to /Users/ulriksandberg/Desktop/AsteroidsNetbeansModules/application/target/asteroidsnetbeansmodules/asteroidsnetbeansmodules/modules/dk-sdu-mmmi-cbse-CommonEnemy.jar
INFO [org.netbeans.updater]: File /Users/ulriksandberg/Desktop/AsteroidsNetbeansModules/application/target/asteroidsnetbeansmodules/asteroidsnetbeansmodules/update/download/dk-sdu-mmmi-cbse-CommonEnemy.nbm deleted.
INFO [org.netbeans.updater]: Use XML Transformer: com.sun.org.apache.xalan.internal.xsltc.trax.TransformerImpl@64f8f0ee
INFO [org.netbeans.updater]: File /Users/ulriksandberg/Desktop/AsteroidsNetbeansModules/application/target/asteroidsnetbeansmodules/asteroidsnetbeansmodules/update_tracking/dk-sdu-mmmi-cbse-CommonEnemy.xml modified.
INFO [org.netbeans.updater]: File installed /Users/ulriksandberg/Desktop/AsteroidsNetbeansModules/application/target/asteroidsnetbeansmodules/asteroidsnetbeansmodules/update_tracking/dk-sdu-mmmi-cbse-CommonEnemy.xml@0
INFO [org.netbeans.updater]: 780: Unpacking dk-sdu-mmmi-cbse-Core.nbm
INFO [org.netbeans.updater]: File installed /Users/ulriksandberg/Desktop/AsteroidsNetbeansModules/application/target/asteroidsnetbeansmodules/asteroidsnetbeansmodules/config/Modules/dk-sdu-mmmi-cbse-Core.xml@0
INFO [org.netbeans.updater]: Copied file /Users/ulriksandberg/Desktop/AsteroidsNetbeansModules/application/target/asteroidsnetbeansmodules/asteroidsnetbeansmodules/update/download/dk-sdu-mmmi-cbse-Core.nbm:netbeans/config/Modules/dk-sdu-mmmi-cbse-Core.xml to /Users/ulriksandberg/Desktop/AsteroidsNetbeansModules/application/target/asteroidsnetbeansmodules/asteroidsnetbeansmodules/config/Modules/dk-sdu-mmmi-cbse-Core.xml
INFO [org.netbeans.updater]: File installed /Users/ulriksandberg/Desktop/AsteroidsNetbeansModules/application/target/asteroidsnetbeansmodules/asteroidsnetbeansmodules/modules/dk-sdu-mmmi-cbse-Core.jar@0
INFO [org.netbeans.updater]: Copied file /Users/ulriksandberg/Desktop/AsteroidsNetbeansModules/application/target/asteroidsnetbeansmodules/asteroidsnetbeansmodules/update/download/dk-sdu-mmmi-cbse-Core.nbm:netbeans/modules/dk-sdu-mmmi-cbse-Core.jar to /Users/ulriksandberg/Desktop/AsteroidsNetbeansModules/application/target/asteroidsnetbeansmodules/asteroidsnetbeansmodules/modules/dk-sdu-mmmi-cbse-Core.jar
INFO [org.netbeans.updater]: File installed /Users/ulriksandberg/Desktop/AsteroidsNetbeansModules/application/target/asteroidsnetbeansmodules/asteroidsnetbeansmodules/modules/ext/dk.sdu.mmmi.cbse.Core/com-badlogicgames-gdx/gdx-backend-lwjgl.jar@0
INFO [org.netbeans.updater]: Copied file /Users/ulriksandberg/Desktop/AsteroidsNetbeansModules/application/target/asteroidsnetbeansmodules/asteroidsnetbeansmodules/update/download/dk-sdu-mmmi-cbse-Core.nbm:netbeans/modules/ext/dk.sdu.mmmi.cbse.Core/com-badlogicgames-gdx/gdx-backend-lwjgl.jar to /Users/ulriksandberg/Desktop/AsteroidsNetbeansModules/application/target/asteroidsnetbeansmodules/asteroidsnetbeansmodules/modules/ext/dk.sdu.mmmi.cbse.Core/com-badlogicgames-gdx/gdx-backend-lwjgl.jar
INFO [org.netbeans.updater]: File installed /Users/ulriksandberg/Desktop/AsteroidsNetbeansModules/application/target/asteroidsnetbeansmodules/asteroidsnetbeansmodules/modules/ext/dk.sdu.mmmi.cbse.Core/com-badlogicgames-gdx/gdx-box2d-platform-natives-desktop.jar@0
INFO [org.netbeans.updater]: Copied file /Users/ulriksandberg/Desktop/AsteroidsNetbeansModules/application/target/asteroidsnetbeansmodules/asteroidsnetbeansmodules/update/download/dk-sdu-mmmi-cbse-Core.nbm:netbeans/modules/ext/dk.sdu.mmmi.cbse.Core/com-badlogicgames-gdx/gdx-box2d-platform-natives-desktop.jar to /Users/ulriksandberg/Desktop/AsteroidsNetbeansModules/application/target/asteroidsnetbeansmodules/asteroidsnetbeansmodules/modules/ext/dk.sdu.mmmi.cbse.Core/com-badlogicgames-gdx/gdx-box2d-platform-natives-desktop.jar
INFO [org.netbeans.updater]: File installed /Users/ulriksandberg/Desktop/AsteroidsNetbeansModules/application/target/asteroidsnetbeansmodules/asteroidsnetbeansmodules/modules/ext/dk.sdu.mmmi.cbse.Core/com-badlogicgames-gdx/gdx-box2d.jar@0
INFO [org.netbeans.updater]: Copied file /Users/ulriksandberg/Desktop/AsteroidsNetbeansModules/application/target/asteroidsnetbeansmodules/asteroidsnetbeansmodules/update/download/dk-sdu-mmmi-cbse-Core.nbm:netbeans/modules/ext/dk.sdu.mmmi.cbse.Core/com-badlogicgames-gdx/gdx-box2d.jar to /Users/ulriksandberg/Desktop/AsteroidsNetbeansModules/application/target/asteroidsnetbeansmodules/asteroidsnetbeansmodules/modules/ext/dk.sdu.mmmi.cbse.Core/com-badlogicgames-gdx/gdx-box2d.jar
INFO [org.netbeans.updater]: File installed /Users/ulriksandberg/Desktop/AsteroidsNetbeansModules/application/target/asteroidsnetbeansmodules/asteroidsnetbeansmodules/modules/ext/dk.sdu.mmmi.cbse.Core/com-badlogicgames-gdx/gdx-freetype-platform-natives-desktop.jar@0
INFO [org.netbeans.updater]: Copied file /Users/ulriksandberg/Desktop/AsteroidsNetbeansModules/application/target/asteroidsnetbeansmodules/asteroidsnetbeansmodules/update/download/dk-sdu-mmmi-cbse-Core.nbm:netbeans/modules/ext/dk.sdu.mmmi.cbse.Core/com-badlogicgames-gdx/gdx-freetype-platform-natives-desktop.jar to /Users/ulriksandberg/Desktop/AsteroidsNetbeansModules/application/target/asteroidsnetbeansmodules/asteroidsnetbeansmodules/modules/ext/dk.sdu.mmmi.cbse.Core/com-badlogicgames-gdx/gdx-freetype-platform-natives-desktop.jar
INFO [org.netbeans.updater]: File installed /Users/ulriksandberg/Desktop/AsteroidsNetbeansModules/application/target/asteroidsnetbeansmodules/asteroidsnetbeansmodules/modules/ext/dk.sdu.mmmi.cbse.Core/com-badlogicgames-gdx/gdx-freetype.jar@0
INFO [org.netbeans.updater]: Copied file /Users/ulriksandberg/Desktop/AsteroidsNetbeansModules/application/target/asteroidsnetbeansmodules/asteroidsnetbeansmodules/update/download/dk-sdu-mmmi-cbse-Core.nbm:netbeans/modules/ext/dk.sdu.mmmi.cbse.Core/com-badlogicgames-gdx/gdx-freetype.jar to /Users/ulriksandberg/Desktop/AsteroidsNetbeansModules/application/target/asteroidsnetbeansmodules/asteroidsnetbeansmodules/modules/ext/dk.sdu.mmmi.cbse.Core/com-badlogicgames-gdx/gdx-freetype.jar
INFO [org.netbeans.updater]: File installed /Users/ulriksandberg/Desktop/AsteroidsNetbeansModules/application/target/asteroidsnetbeansmodules/asteroidsnetbeansmodules/modules/ext/dk.sdu.mmmi.cbse.Core/com-badlogicgames-gdx/gdx-platform-natives-desktop.jar@0
INFO [org.netbeans.updater]: Copied file /Users/ulriksandberg/Desktop/AsteroidsNetbeansModules/application/target/asteroidsnetbeansmodules/asteroidsnetbeansmodules/update/download/dk-sdu-mmmi-cbse-Core.nbm:netbeans/modules/ext/dk.sdu.mmmi.cbse.Core/com-badlogicgames-gdx/gdx-platform-natives-desktop.jar to /Users/ulriksandberg/Desktop/AsteroidsNetbeansModules/application/target/asteroidsnetbeansmodules/asteroidsnetbeansmodules/modules/ext/dk.sdu.mmmi.cbse.Core/com-badlogicgames-gdx/gdx-platform-natives-desktop.jar
INFO [org.netbeans.updater]: File installed /Users/ulriksandberg/Desktop/AsteroidsNetbeansModules/application/target/asteroidsnetbeansmodules/asteroidsnetbeansmodules/modules/ext/dk.sdu.mmmi.cbse.Core/com-badlogicgames-gdx/gdx.jar@0
INFO [org.netbeans.updater]: Copied file /Users/ulriksandberg/Desktop/AsteroidsNetbeansModules/application/target/asteroidsnetbeansmodules/asteroidsnetbeansmodules/update/download/dk-sdu-mmmi-cbse-Core.nbm:netbeans/modules/ext/dk.sdu.mmmi.cbse.Core/com-badlogicgames-gdx/gdx.jar to /Users/ulriksandberg/Desktop/AsteroidsNetbeansModules/application/target/asteroidsnetbeansmodules/asteroidsnetbeansmodules/modules/ext/dk.sdu.mmmi.cbse.Core/com-badlogicgames-gdx/gdx.jar
INFO [org.netbeans.updater]: File installed /Users/ulriksandberg/Desktop/AsteroidsNetbeansModules/application/target/asteroidsnetbeansmodules/asteroidsnetbeansmodules/modules/ext/dk.sdu.mmmi.cbse.Core/com-badlogicgames-jlayer/jlayer.jar@0
INFO [org.netbeans.updater]: Copied file /Users/ulriksandberg/Desktop/AsteroidsNetbeansModules/application/target/asteroidsnetbeansmodules/asteroidsnetbeansmodules/update/download/dk-sdu-mmmi-cbse-Core.nbm:netbeans/modules/ext/dk.sdu.mmmi.cbse.Core/com-badlogicgames-jlayer/jlayer.jar to /Users/ulriksandberg/Desktop/AsteroidsNetbeansModules/application/target/asteroidsnetbeansmodules/asteroidsnetbeansmodules/modules/ext/dk.sdu.mmmi.cbse.Core/com-badlogicgames-jlayer/jlayer.jar
INFO [org.netbeans.updater]: File installed /Users/ulriksandberg/Desktop/AsteroidsNetbeansModules/application/target/asteroidsnetbeansmodules/asteroidsnetbeansmodules/modules/ext/dk.sdu.mmmi.cbse.Core/net-java-jinput/jinput.jar@0
INFO [org.netbeans.updater]: Copied file /Users/ulriksandberg/Desktop/AsteroidsNetbeansModules/application/target/asteroidsnetbeansmodules/asteroidsnetbeansmodules/update/download/dk-sdu-mmmi-cbse-Core.nbm:netbeans/modules/ext/dk.sdu.mmmi.cbse.Core/net-java-jinput/jinput.jar to /Users/ulriksandberg/Desktop/AsteroidsNetbeansModules/application/target/asteroidsnetbeansmodules/asteroidsnetbeansmodules/modules/ext/dk.sdu.mmmi.cbse.Core/net-java-jinput/jinput.jar
INFO [org.netbeans.updater]: File installed /Users/ulriksandberg/Desktop/AsteroidsNetbeansModules/application/target/asteroidsnetbeansmodules/asteroidsnetbeansmodules/modules/ext/dk.sdu.mmmi.cbse.Core/net-java-jutils/jutils.jar@0
INFO [org.netbeans.updater]: Copied file /Users/ulriksandberg/Desktop/AsteroidsNetbeansModules/application/target/asteroidsnetbeansmodules/asteroidsnetbeansmodules/update/download/dk-sdu-mmmi-cbse-Core.nbm:netbeans/modules/ext/dk.sdu.mmmi.cbse.Core/net-java-jutils/jutils.jar to /Users/ulriksandberg/Desktop/AsteroidsNetbeansModules/application/target/asteroidsnetbeansmodules/asteroidsnetbeansmodules/modules/ext/dk.sdu.mmmi.cbse.Core/net-java-jutils/jutils.jar
INFO [org.netbeans.updater]: File installed /Users/ulriksandberg/Desktop/AsteroidsNetbeansModules/application/target/asteroidsnetbeansmodules/asteroidsnetbeansmodules/modules/ext/dk.sdu.mmmi.cbse.Core/org-jcraft/jorbis.jar@0
INFO [org.netbeans.updater]: Copied file /Users/ulriksandberg/Desktop/AsteroidsNetbeansModules/application/target/asteroidsnetbeansmodules/asteroidsnetbeansmodules/update/download/dk-sdu-mmmi-cbse-Core.nbm:netbeans/modules/ext/dk.sdu.mmmi.cbse.Core/org-jcraft/jorbis.jar to /Users/ulriksandberg/Desktop/AsteroidsNetbeansModules/application/target/asteroidsnetbeansmodules/asteroidsnetbeansmodules/modules/ext/dk.sdu.mmmi.cbse.Core/org-jcraft/jorbis.jar
INFO [org.netbeans.updater]: File installed /Users/ulriksandberg/Desktop/AsteroidsNetbeansModules/application/target/asteroidsnetbeansmodules/asteroidsnetbeansmodules/modules/ext/dk.sdu.mmmi.cbse.Core/org-lwjgl-lwjgl/lwjgl-platform-natives-linux.jar@0
INFO [org.netbeans.updater]: Copied file /Users/ulriksandberg/Desktop/AsteroidsNetbeansModules/application/target/asteroidsnetbeansmodules/asteroidsnetbeansmodules/update/download/dk-sdu-mmmi-cbse-Core.nbm:netbeans/modules/ext/dk.sdu.mmmi.cbse.Core/org-lwjgl-lwjgl/lwjgl-platform-natives-linux.jar to /Users/ulriksandberg/Desktop/AsteroidsNetbeansModules/application/target/asteroidsnetbeansmodules/asteroidsnetbeansmodules/modules/ext/dk.sdu.mmmi.cbse.Core/org-lwjgl-lwjgl/lwjgl-platform-natives-linux.jar
INFO [org.netbeans.updater]: File installed /Users/ulriksandberg/Desktop/AsteroidsNetbeansModules/application/target/asteroidsnetbeansmodules/asteroidsnetbeansmodules/modules/ext/dk.sdu.mmmi.cbse.Core/org-lwjgl-lwjgl/lwjgl-platform-natives-osx.jar@0
INFO [org.netbeans.updater]: Copied file /Users/ulriksandberg/Desktop/AsteroidsNetbeansModules/application/target/asteroidsnetbeansmodules/asteroidsnetbeansmodules/update/download/dk-sdu-mmmi-cbse-Core.nbm:netbeans/modules/ext/dk.sdu.mmmi.cbse.Core/org-lwjgl-lwjgl/lwjgl-platform-natives-osx.jar to /Users/ulriksandberg/Desktop/AsteroidsNetbeansModules/application/target/asteroidsnetbeansmodules/asteroidsnetbeansmodules/modules/ext/dk.sdu.mmmi.cbse.Core/org-lwjgl-lwjgl/lwjgl-platform-natives-osx.jar
INFO [org.netbeans.updater]: File installed /Users/ulriksandberg/Desktop/AsteroidsNetbeansModules/application/target/asteroidsnetbeansmodules/asteroidsnetbeansmodules/modules/ext/dk.sdu.mmmi.cbse.Core/org-lwjgl-lwjgl/lwjgl-platform-natives-windows.jar@0
INFO [org.netbeans.updater]: Copied file /Users/ulriksandberg/Desktop/AsteroidsNetbeansModules/application/target/asteroidsnetbeansmodules/asteroidsnetbeansmodules/update/download/dk-sdu-mmmi-cbse-Core.nbm:netbeans/modules/ext/dk.sdu.mmmi.cbse.Core/org-lwjgl-lwjgl/lwjgl-platform-natives-windows.jar to /Users/ulriksandberg/Desktop/AsteroidsNetbeansModules/application/target/asteroidsnetbeansmodules/asteroidsnetbeansmodules/modules/ext/dk.sdu.mmmi.cbse.Core/org-lwjgl-lwjgl/lwjgl-platform-natives-windows.jar
INFO [org.netbeans.updater]: File installed /Users/ulriksandberg/Desktop/AsteroidsNetbeansModules/application/target/asteroidsnetbeansmodules/asteroidsnetbeansmodules/modules/ext/dk.sdu.mmmi.cbse.Core/org-lwjgl-lwjgl/lwjgl.jar@0
INFO [org.netbeans.updater]: Copied file /Users/ulriksandberg/Desktop/AsteroidsNetbeansModules/application/target/asteroidsnetbeansmodules/asteroidsnetbeansmodules/update/download/dk-sdu-mmmi-cbse-Core.nbm:netbeans/modules/ext/dk.sdu.mmmi.cbse.Core/org-lwjgl-lwjgl/lwjgl.jar to /Users/ulriksandberg/Desktop/AsteroidsNetbeansModules/application/target/asteroidsnetbeansmodules/asteroidsnetbeansmodules/modules/ext/dk.sdu.mmmi.cbse.Core/org-lwjgl-lwjgl/lwjgl.jar
INFO [org.netbeans.updater]: File installed /Users/ulriksandberg/Desktop/AsteroidsNetbeansModules/application/target/asteroidsnetbeansmodules/asteroidsnetbeansmodules/modules/ext/dk.sdu.mmmi.cbse.Core/org-lwjgl-lwjgl/lwjgl_util.jar@0
INFO [org.netbeans.updater]: Copied file /Users/ulriksandberg/Desktop/AsteroidsNetbeansModules/application/target/asteroidsnetbeansmodules/asteroidsnetbeansmodules/update/download/dk-sdu-mmmi-cbse-Core.nbm:netbeans/modules/ext/dk.sdu.mmmi.cbse.Core/org-lwjgl-lwjgl/lwjgl_util.jar to /Users/ulriksandberg/Desktop/AsteroidsNetbeansModules/application/target/asteroidsnetbeansmodules/asteroidsnetbeansmodules/modules/ext/dk.sdu.mmmi.cbse.Core/org-lwjgl-lwjgl/lwjgl_util.jar
INFO [org.netbeans.updater]: File /Users/ulriksandberg/Desktop/AsteroidsNetbeansModules/application/target/asteroidsnetbeansmodules/asteroidsnetbeansmodules/update/download/dk-sdu-mmmi-cbse-Core.nbm deleted.
INFO [org.netbeans.updater]: Use XML Transformer: com.sun.org.apache.xalan.internal.xsltc.trax.TransformerImpl@493af285
INFO [org.netbeans.updater]: File /Users/ulriksandberg/Desktop/AsteroidsNetbeansModules/application/target/asteroidsnetbeansmodules/asteroidsnetbeansmodules/update_tracking/dk-sdu-mmmi-cbse-Core.xml modified.
INFO [org.netbeans.updater]: File installed /Users/ulriksandberg/Desktop/AsteroidsNetbeansModules/application/target/asteroidsnetbeansmodules/asteroidsnetbeansmodules/update_tracking/dk-sdu-mmmi-cbse-Core.xml@0
INFO [org.netbeans.updater]: 780: Unpacking dk-sdu-mmmi-cbse-Player.nbm
INFO [org.netbeans.updater]: File installed /Users/ulriksandberg/Desktop/AsteroidsNetbeansModules/application/target/asteroidsnetbeansmodules/asteroidsnetbeansmodules/config/Modules/dk-sdu-mmmi-cbse-Player.xml@0
INFO [org.netbeans.updater]: Copied file /Users/ulriksandberg/Desktop/AsteroidsNetbeansModules/application/target/asteroidsnetbeansmodules/asteroidsnetbeansmodules/update/download/dk-sdu-mmmi-cbse-Player.nbm:netbeans/config/Modules/dk-sdu-mmmi-cbse-Player.xml to /Users/ulriksandberg/Desktop/AsteroidsNetbeansModules/application/target/asteroidsnetbeansmodules/asteroidsnetbeansmodules/config/Modules/dk-sdu-mmmi-cbse-Player.xml
INFO [org.netbeans.updater]: File installed /Users/ulriksandberg/Desktop/AsteroidsNetbeansModules/application/target/asteroidsnetbeansmodules/asteroidsnetbeansmodules/modules/dk-sdu-mmmi-cbse-Player.jar@0
INFO [org.netbeans.updater]: Copied file /Users/ulriksandberg/Desktop/AsteroidsNetbeansModules/application/target/asteroidsnetbeansmodules/asteroidsnetbeansmodules/update/download/dk-sdu-mmmi-cbse-Player.nbm:netbeans/modules/dk-sdu-mmmi-cbse-Player.jar to /Users/ulriksandberg/Desktop/AsteroidsNetbeansModules/application/target/asteroidsnetbeansmodules/asteroidsnetbeansmodules/modules/dk-sdu-mmmi-cbse-Player.jar
INFO [org.netbeans.updater]: File /Users/ulriksandberg/Desktop/AsteroidsNetbeansModules/application/target/asteroidsnetbeansmodules/asteroidsnetbeansmodules/update/download/dk-sdu-mmmi-cbse-Player.nbm deleted.
INFO [org.netbeans.updater]: Use XML Transformer: com.sun.org.apache.xalan.internal.xsltc.trax.TransformerImpl@955c845
INFO [org.netbeans.updater]: File /Users/ulriksandberg/Desktop/AsteroidsNetbeansModules/application/target/asteroidsnetbeansmodules/asteroidsnetbeansmodules/update_tracking/dk-sdu-mmmi-cbse-Player.xml modified.
INFO [org.netbeans.updater]: File installed /Users/ulriksandberg/Desktop/AsteroidsNetbeansModules/application/target/asteroidsnetbeansmodules/asteroidsnetbeansmodules/update_tracking/dk-sdu-mmmi-cbse-Player.xml@0
INFO [org.netbeans.updater]: 780: Unpacking dk-sdu-mmmi-cbse-Bullet.nbm
INFO [org.netbeans.updater]: File installed /Users/ulriksandberg/Desktop/AsteroidsNetbeansModules/application/target/asteroidsnetbeansmodules/asteroidsnetbeansmodules/config/Modules/dk-sdu-mmmi-cbse-Bullet.xml@0
INFO [org.netbeans.updater]: Copied file /Users/ulriksandberg/Desktop/AsteroidsNetbeansModules/application/target/asteroidsnetbeansmodules/asteroidsnetbeansmodules/update/download/dk-sdu-mmmi-cbse-Bullet.nbm:netbeans/config/Modules/dk-sdu-mmmi-cbse-Bullet.xml to /Users/ulriksandberg/Desktop/AsteroidsNetbeansModules/application/target/asteroidsnetbeansmodules/asteroidsnetbeansmodules/config/Modules/dk-sdu-mmmi-cbse-Bullet.xml
INFO [org.netbeans.updater]: File installed /Users/ulriksandberg/Desktop/AsteroidsNetbeansModules/application/target/asteroidsnetbeansmodules/asteroidsnetbeansmodules/modules/dk-sdu-mmmi-cbse-Bullet.jar@0
INFO [org.netbeans.updater]: Copied file /Users/ulriksandberg/Desktop/AsteroidsNetbeansModules/application/target/asteroidsnetbeansmodules/asteroidsnetbeansmodules/update/download/dk-sdu-mmmi-cbse-Bullet.nbm:netbeans/modules/dk-sdu-mmmi-cbse-Bullet.jar to /Users/ulriksandberg/Desktop/AsteroidsNetbeansModules/application/target/asteroidsnetbeansmodules/asteroidsnetbeansmodules/modules/dk-sdu-mmmi-cbse-Bullet.jar
INFO [org.netbeans.updater]: File /Users/ulriksandberg/Desktop/AsteroidsNetbeansModules/application/target/asteroidsnetbeansmodules/asteroidsnetbeansmodules/update/download/dk-sdu-mmmi-cbse-Bullet.nbm deleted.
INFO [org.netbeans.updater]: Use XML Transformer: com.sun.org.apache.xalan.internal.xsltc.trax.TransformerImpl@4e5bc8a9
INFO [org.netbeans.updater]: File /Users/ulriksandberg/Desktop/AsteroidsNetbeansModules/application/target/asteroidsnetbeansmodules/asteroidsnetbeansmodules/update_tracking/dk-sdu-mmmi-cbse-Bullet.xml modified.
INFO [org.netbeans.updater]: File installed /Users/ulriksandberg/Desktop/AsteroidsNetbeansModules/application/target/asteroidsnetbeansmodules/asteroidsnetbeansmodules/update_tracking/dk-sdu-mmmi-cbse-Bullet.xml@0
INFO [org.netbeans.updater]: 780: Unpacking dk-sdu-mmmi-cbse-Enemy.nbm
INFO [org.netbeans.updater]: File installed /Users/ulriksandberg/Desktop/AsteroidsNetbeansModules/application/target/asteroidsnetbeansmodules/asteroidsnetbeansmodules/config/Modules/dk-sdu-mmmi-cbse-Enemy.xml@0
INFO [org.netbeans.updater]: Copied file /Users/ulriksandberg/Desktop/AsteroidsNetbeansModules/application/target/asteroidsnetbeansmodules/asteroidsnetbeansmodules/update/download/dk-sdu-mmmi-cbse-Enemy.nbm:netbeans/config/Modules/dk-sdu-mmmi-cbse-Enemy.xml to /Users/ulriksandberg/Desktop/AsteroidsNetbeansModules/application/target/asteroidsnetbeansmodules/asteroidsnetbeansmodules/config/Modules/dk-sdu-mmmi-cbse-Enemy.xml
INFO [org.netbeans.updater]: File installed /Users/ulriksandberg/Desktop/AsteroidsNetbeansModules/application/target/asteroidsnetbeansmodules/asteroidsnetbeansmodules/modules/dk-sdu-mmmi-cbse-Enemy.jar@0
INFO [org.netbeans.updater]: Copied file /Users/ulriksandberg/Desktop/AsteroidsNetbeansModules/application/target/asteroidsnetbeansmodules/asteroidsnetbeansmodules/update/download/dk-sdu-mmmi-cbse-Enemy.nbm:netbeans/modules/dk-sdu-mmmi-cbse-Enemy.jar to /Users/ulriksandberg/Desktop/AsteroidsNetbeansModules/application/target/asteroidsnetbeansmodules/asteroidsnetbeansmodules/modules/dk-sdu-mmmi-cbse-Enemy.jar
INFO [org.netbeans.updater]: File /Users/ulriksandberg/Desktop/AsteroidsNetbeansModules/application/target/asteroidsnetbeansmodules/asteroidsnetbeansmodules/update/download/dk-sdu-mmmi-cbse-Enemy.nbm deleted.
INFO [org.netbeans.updater]: Use XML Transformer: com.sun.org.apache.xalan.internal.xsltc.trax.TransformerImpl@78787ce7
INFO [org.netbeans.updater]: File /Users/ulriksandberg/Desktop/AsteroidsNetbeansModules/application/target/asteroidsnetbeansmodules/asteroidsnetbeansmodules/update_tracking/dk-sdu-mmmi-cbse-Enemy.xml modified.
INFO [org.netbeans.updater]: File installed /Users/ulriksandberg/Desktop/AsteroidsNetbeansModules/application/target/asteroidsnetbeansmodules/asteroidsnetbeansmodules/update_tracking/dk-sdu-mmmi-cbse-Enemy.xml@0
INFO [org.netbeans.updater]: 780: Unpacking dk-sdu-mmmi-cbse-CommonAsteroids.nbm
INFO [org.netbeans.updater]: File installed /Users/ulriksandberg/Desktop/AsteroidsNetbeansModules/application/target/asteroidsnetbeansmodules/asteroidsnetbeansmodules/config/Modules/dk-sdu-mmmi-cbse-CommonAsteroids.xml@0
INFO [org.netbeans.updater]: Copied file /Users/ulriksandberg/Desktop/AsteroidsNetbeansModules/application/target/asteroidsnetbeansmodules/asteroidsnetbeansmodules/update/download/dk-sdu-mmmi-cbse-CommonAsteroids.nbm:netbeans/config/Modules/dk-sdu-mmmi-cbse-CommonAsteroids.xml to /Users/ulriksandberg/Desktop/AsteroidsNetbeansModules/application/target/asteroidsnetbeansmodules/asteroidsnetbeansmodules/config/Modules/dk-sdu-mmmi-cbse-CommonAsteroids.xml
INFO [org.netbeans.updater]: File installed /Users/ulriksandberg/Desktop/AsteroidsNetbeansModules/application/target/asteroidsnetbeansmodules/asteroidsnetbeansmodules/modules/dk-sdu-mmmi-cbse-CommonAsteroids.jar@0
INFO [org.netbeans.updater]: Copied file /Users/ulriksandberg/Desktop/AsteroidsNetbeansModules/application/target/asteroidsnetbeansmodules/asteroidsnetbeansmodules/update/download/dk-sdu-mmmi-cbse-CommonAsteroids.nbm:netbeans/modules/dk-sdu-mmmi-cbse-CommonAsteroids.jar to /Users/ulriksandberg/Desktop/AsteroidsNetbeansModules/application/target/asteroidsnetbeansmodules/asteroidsnetbeansmodules/modules/dk-sdu-mmmi-cbse-CommonAsteroids.jar
INFO [org.netbeans.updater]: File /Users/ulriksandberg/Desktop/AsteroidsNetbeansModules/application/target/asteroidsnetbeansmodules/asteroidsnetbeansmodules/update/download/dk-sdu-mmmi-cbse-CommonAsteroids.nbm deleted.
INFO [org.netbeans.updater]: Use XML Transformer: com.sun.org.apache.xalan.internal.xsltc.trax.TransformerImpl@50289a6b
INFO [org.netbeans.updater]: File /Users/ulriksandberg/Desktop/AsteroidsNetbeansModules/application/target/asteroidsnetbeansmodules/asteroidsnetbeansmodules/update_tracking/dk-sdu-mmmi-cbse-CommonAsteroids.xml modified.
INFO [org.netbeans.updater]: File installed /Users/ulriksandberg/Desktop/AsteroidsNetbeansModules/application/target/asteroidsnetbeansmodules/asteroidsnetbeansmodules/update_tracking/dk-sdu-mmmi-cbse-CommonAsteroids.xml@0
INFO [org.netbeans.updater]: 780: Unpacking dk-sdu-mmmi-cbse-Common.nbm
INFO [org.netbeans.updater]: File installed /Users/ulriksandberg/Desktop/AsteroidsNetbeansModules/application/target/asteroidsnetbeansmodules/asteroidsnetbeansmodules/config/Modules/dk-sdu-mmmi-cbse-Common.xml@0
INFO [org.netbeans.updater]: Copied file /Users/ulriksandberg/Desktop/AsteroidsNetbeansModules/application/target/asteroidsnetbeansmodules/asteroidsnetbeansmodules/update/download/dk-sdu-mmmi-cbse-Common.nbm:netbeans/config/Modules/dk-sdu-mmmi-cbse-Common.xml to /Users/ulriksandberg/Desktop/AsteroidsNetbeansModules/application/target/asteroidsnetbeansmodules/asteroidsnetbeansmodules/config/Modules/dk-sdu-mmmi-cbse-Common.xml
INFO [org.netbeans.updater]: File installed /Users/ulriksandberg/Desktop/AsteroidsNetbeansModules/application/target/asteroidsnetbeansmodules/asteroidsnetbeansmodules/modules/dk-sdu-mmmi-cbse-Common.jar@0
INFO [org.netbeans.updater]: Copied file /Users/ulriksandberg/Desktop/AsteroidsNetbeansModules/application/target/asteroidsnetbeansmodules/asteroidsnetbeansmodules/update/download/dk-sdu-mmmi-cbse-Common.nbm:netbeans/modules/dk-sdu-mmmi-cbse-Common.jar to /Users/ulriksandberg/Desktop/AsteroidsNetbeansModules/application/target/asteroidsnetbeansmodules/asteroidsnetbeansmodules/modules/dk-sdu-mmmi-cbse-Common.jar
INFO [org.netbeans.updater]: File /Users/ulriksandberg/Desktop/AsteroidsNetbeansModules/application/target/asteroidsnetbeansmodules/asteroidsnetbeansmodules/update/download/dk-sdu-mmmi-cbse-Common.nbm deleted.
INFO [org.netbeans.updater]: Use XML Transformer: com.sun.org.apache.xalan.internal.xsltc.trax.TransformerImpl@27217384
INFO [org.netbeans.updater]: File /Users/ulriksandberg/Desktop/AsteroidsNetbeansModules/application/target/asteroidsnetbeansmodules/asteroidsnetbeansmodules/update_tracking/dk-sdu-mmmi-cbse-Common.xml modified.
INFO [org.netbeans.updater]: File installed /Users/ulriksandberg/Desktop/AsteroidsNetbeansModules/application/target/asteroidsnetbeansmodules/asteroidsnetbeansmodules/update_tracking/dk-sdu-mmmi-cbse-Common.xml@0
INFO [org.netbeans.updater]: File /Users/ulriksandberg/Desktop/AsteroidsNetbeansModules/application/target/asteroidsnetbeansmodules/asteroidsnetbeansmodules/update/download/additional_information.xml deleted.
INFO [org.netbeans.modules.autoupdate.silentupdate]: Install new modules done.
INFO [org.netbeans.core.startup.NbEvents]: Turning on modules:
	dk.sdu.mmmi.cbse.Common [1.0 1.0-20190325 201903251210]
	dk.sdu.mmmi.cbse.Player [1.0 1.0-20190325 201903251210]
	dk.sdu.mmmi.cbse.CommonEnemy [1.0 1.0-20190325 201903251210]
	dk.sdu.mmmi.cbse.Enemy [1.0 1.0-20190325 201903251210]
	dk.sdu.mmmi.cbse.Core [1.0 1.0-20190325 201903251210]
	dk.sdu.mmmi.cbse.CommonAsteroids [1.0 1.0-20190325 201903251210]
	dk.sdu.mmmi.cbse.Collision [1.0 1.0-20190325 201903251210]
	dk.sdu.mmmi.cbse.Bullet [1.0 1.0-20190325 201903251210]
Turning on modules...
Loading module services...
Loading modules...
Starting modules...
Turning on modules...done.
INFO [org.netbeans.modules.autoupdate.silentupdate]: None for update/install/uninstall
INFO [null]: Last record repeated again.
INFO [org.netbeans.modules.autoupdate.silentupdate]: Update found: Asteroid[dk.sdu.mmmi.cbse.Asteroid/1.0]
INFO [org.netbeans.updater]: 780: Unpacking dk-sdu-mmmi-cbse-Asteroid.nbm
INFO [org.netbeans.updater]: File installed /Users/ulriksandberg/Desktop/AsteroidsNetbeansModules/application/target/asteroidsnetbeansmodules/asteroidsnetbeansmodules/config/Modules/dk-sdu-mmmi-cbse-Asteroid.xml@0
INFO [org.netbeans.updater]: Copied file /Users/ulriksandberg/Desktop/AsteroidsNetbeansModules/application/target/asteroidsnetbeansmodules/asteroidsnetbeansmodules/update/download/dk-sdu-mmmi-cbse-Asteroid.nbm:netbeans/config/Modules/dk-sdu-mmmi-cbse-Asteroid.xml to /Users/ulriksandberg/Desktop/AsteroidsNetbeansModules/application/target/asteroidsnetbeansmodules/asteroidsnetbeansmodules/config/Modules/dk-sdu-mmmi-cbse-Asteroid.xml
INFO [org.netbeans.updater]: File installed /Users/ulriksandberg/Desktop/AsteroidsNetbeansModules/application/target/asteroidsnetbeansmodules/asteroidsnetbeansmodules/modules/dk-sdu-mmmi-cbse-Asteroid.jar@0
INFO [org.netbeans.updater]: Copied file /Users/ulriksandberg/Desktop/AsteroidsNetbeansModules/application/target/asteroidsnetbeansmodules/asteroidsnetbeansmodules/update/download/dk-sdu-mmmi-cbse-Asteroid.nbm:netbeans/modules/dk-sdu-mmmi-cbse-Asteroid.jar to /Users/ulriksandberg/Desktop/AsteroidsNetbeansModules/application/target/asteroidsnetbeansmodules/asteroidsnetbeansmodules/modules/dk-sdu-mmmi-cbse-Asteroid.jar
INFO [org.netbeans.updater]: File /Users/ulriksandberg/Desktop/AsteroidsNetbeansModules/application/target/asteroidsnetbeansmodules/asteroidsnetbeansmodules/update/download/dk-sdu-mmmi-cbse-Asteroid.nbm deleted.
INFO [org.netbeans.updater]: Use XML Transformer: com.sun.org.apache.xalan.internal.xsltc.trax.TransformerImpl@498f6390
INFO [org.netbeans.updater]: File /Users/ulriksandberg/Desktop/AsteroidsNetbeansModules/application/target/asteroidsnetbeansmodules/asteroidsnetbeansmodules/update_tracking/dk-sdu-mmmi-cbse-Asteroid.xml modified.
INFO [org.netbeans.updater]: File installed /Users/ulriksandberg/Desktop/AsteroidsNetbeansModules/application/target/asteroidsnetbeansmodules/asteroidsnetbeansmodules/update_tracking/dk-sdu-mmmi-cbse-Asteroid.xml@0
INFO [org.netbeans.updater]: File /Users/ulriksandberg/Desktop/AsteroidsNetbeansModules/application/target/asteroidsnetbeansmodules/asteroidsnetbeansmodules/update/download/additional_information.xml deleted.
INFO [org.netbeans.core.startup.NbEvents]: Turning on modules:
	dk.sdu.mmmi.cbse.Asteroid [1.0 1.0-20190325 201903251210]
INFO [org.netbeans.modules.autoupdate.silentupdate]: Install new modules done.
Turning on modules...
Loading module services...
Loading modules...
Turning on modules...done.
INFO [org.netbeans.modules.autoupdate.silentupdate]: None for update/install/uninstall
INFO [null]: Last record repeated again.
INFO [null]: Last record repeated 2 more times.
INFO [null]: Last record repeated again.
INFO [null]: Last record repeated 2 more times.
INFO [null]: Last record repeated again.
INFO [null]: Last record repeated 2 more times.
INFO [null]: Last record repeated more than 10 times, further logs of this record are ignored until the log record changes.
